This is pdfTeX, Version 3.1415926-1.40.10 (TeX Live 2009) (format=pdflatex 2010.9.3)  27 APR 2011 10:35
entering extended mode
 file:line:error style messages enabled.
 %&-line parsing enabled.
**ki2011.tex
(./ki2011.tex
LaTeX2e <2009/09/24>
Babel <v3.8l> and hyphenation patterns for english, usenglishmax, dumylang, noh
yphenation, german-x-2009-06-19, ngerman-x-2009-06-19, ancientgreek, ibycus, ar
abic, basque, bulgarian, catalan, pinyin, coptic, croatian, czech, danish, dutc
h, esperanto, estonian, farsi, finnish, french, galician, german, ngerman, mono
greek, greek, hungarian, icelandic, indonesian, interlingua, irish, italian, ku
rmanji, latin, latvian, lithuanian, mongolian, mongolian2a, bokmal, nynorsk, po
lish, portuguese, romanian, russian, sanskrit, serbian, slovak, slovenian, span
ish, swedish, turkish, ukenglish, ukrainian, uppersorbian, welsh, loaded.
(./llncs.cls
Document Class: llncs 2004/08/17 v2.14 
 LaTeX document class for Lecture Notes in Computer Science
(/usr/local/texlive/2009/texmf-dist/tex/latex/base/article.cls
Document Class: article 2007/10/19 v1.4h Standard LaTeX document class
(/usr/local/texlive/2009/texmf-dist/tex/latex/base/size10.clo
File: size10.clo 2007/10/19 v1.4h Standard LaTeX file (size option)
)
\c@part=\count79
\c@section=\count80
\c@subsection=\count81
\c@subsubsection=\count82
\c@paragraph=\count83
\c@subparagraph=\count84
\c@figure=\count85
\c@table=\count86
\abovecaptionskip=\skip41
\belowcaptionskip=\skip42
\bibindent=\dimen102
)
(/usr/local/texlive/2009/texmf-dist/tex/latex/tools/multicol.sty
Package: multicol 2008/12/05 v1.6h multicolumn formatting (FMi)
\c@tracingmulticols=\count87
\mult@box=\box26
\multicol@leftmargin=\dimen103
\c@unbalance=\count88
\c@collectmore=\count89
\doublecol@number=\count90
\multicoltolerance=\count91
\multicolpretolerance=\count92
\full@width=\dimen104
\page@free=\dimen105
\premulticols=\dimen106
\postmulticols=\dimen107
\multicolsep=\skip43
\multicolbaselineskip=\skip44
\partial@page=\box27
\last@line=\box28
\mult@rightbox=\box29
\mult@grightbox=\box30
\mult@gfirstbox=\box31
\mult@firstbox=\box32
\@tempa=\box33
\@tempa=\box34
\@tempa=\box35
\@tempa=\box36
\@tempa=\box37
\@tempa=\box38
\@tempa=\box39
\@tempa=\box40
\@tempa=\box41
\@tempa=\box42
\@tempa=\box43
\@tempa=\box44
\@tempa=\box45
\@tempa=\box46
\@tempa=\box47
\@tempa=\box48
\@tempa=\box49
\c@columnbadness=\count93
\c@finalcolumnbadness=\count94
\last@try=\dimen108
\multicolovershoot=\dimen109
\multicolundershoot=\dimen110
\mult@nat@firstbox=\box50
\colbreak@box=\box51
)
\c@chapter=\count95
LaTeX Font Info:    Redeclaring math symbol \Gamma on input line 360.
LaTeX Font Info:    Redeclaring math symbol \Delta on input line 361.
LaTeX Font Info:    Redeclaring math symbol \Theta on input line 362.
LaTeX Font Info:    Redeclaring math symbol \Lambda on input line 363.
LaTeX Font Info:    Redeclaring math symbol \Xi on input line 364.
LaTeX Font Info:    Redeclaring math symbol \Pi on input line 365.
LaTeX Font Info:    Redeclaring math symbol \Sigma on input line 366.
LaTeX Font Info:    Redeclaring math symbol \Upsilon on input line 367.
LaTeX Font Info:    Redeclaring math symbol \Phi on input line 368.
LaTeX Font Info:    Redeclaring math symbol \Psi on input line 369.
LaTeX Font Info:    Redeclaring math symbol \Omega on input line 370.
\tocchpnum=\dimen111
\tocsecnum=\dimen112
\tocsectotal=\dimen113
\tocsubsecnum=\dimen114
\tocsubsectotal=\dimen115
\tocsubsubsecnum=\dimen116
\tocsubsubsectotal=\dimen117
\tocparanum=\dimen118
\tocparatotal=\dimen119
\tocsubparanum=\dimen120
\@tempcntc=\count96
\fnindent=\dimen121
\c@@inst=\count97
\c@@auth=\count98
\c@auco=\count99
\instindent=\dimen122
\authrun=\box52
\authorrunning=\toks14
\tocauthor=\toks15
\titrun=\box53
\titlerunning=\toks16
\toctitle=\toks17
\c@theorem=\count100
\c@case=\count101
\c@conjecture=\count102
\c@corollary=\count103
\c@definition=\count104
\c@example=\count105
\c@exercise=\count106
\c@lemma=\count107
\c@note=\count108
\c@problem=\count109
\c@property=\count110
\c@proposition=\count111
\c@question=\count112
\c@solution=\count113
\c@remark=\count114
\headlineindent=\dimen123
)
(/usr/local/texlive/2009/texmf-dist/tex/latex/base/makeidx.sty
Package: makeidx 2000/03/29 v1.0m Standard LaTeX package
)
(/usr/local/texlive/2009/texmf-dist/tex/latex/graphics/graphicx.sty
Package: graphicx 1999/02/16 v1.0f Enhanced LaTeX Graphics (DPC,SPQR)

(/usr/local/texlive/2009/texmf-dist/tex/latex/graphics/keyval.sty
Package: keyval 1999/03/16 v1.13 key=value parser (DPC)
\KV@toks@=\toks18
)
(/usr/local/texlive/2009/texmf-dist/tex/latex/graphics/graphics.sty
Package: graphics 2009/02/05 v1.0o Standard LaTeX Graphics (DPC,SPQR)

(/usr/local/texlive/2009/texmf-dist/tex/latex/graphics/trig.sty
Package: trig 1999/03/16 v1.09 sin cos tan (DPC)
)
(/usr/local/texlive/2009/texmf-dist/tex/latex/latexconfig/graphics.cfg
File: graphics.cfg 2009/08/28 v1.8 graphics configuration of TeX Live
)
Package graphics Info: Driver file: pdftex.def on input line 91.

(/usr/local/texlive/2009/texmf-dist/tex/latex/pdftex-def/pdftex.def
File: pdftex.def 2009/08/25 v0.04m Graphics/color for pdfTeX
\Gread@gobject=\count115
))
\Gin@req@height=\dimen124
\Gin@req@width=\dimen125
)
(/usr/local/texlive/2009/texmf-dist/tex/latex/amsmath/amsmath.sty
Package: amsmath 2000/07/18 v2.13 AMS math features
\@mathmargin=\skip45

For additional information on amsmath, use the `?' option.
(/usr/local/texlive/2009/texmf-dist/tex/latex/amsmath/amstext.sty
Package: amstext 2000/06/29 v2.01

(/usr/local/texlive/2009/texmf-dist/tex/latex/amsmath/amsgen.sty
File: amsgen.sty 1999/11/30 v2.0
\@emptytoks=\toks19
\ex@=\dimen126
))
(/usr/local/texlive/2009/texmf-dist/tex/latex/amsmath/amsbsy.sty
Package: amsbsy 1999/11/29 v1.2d
\pmbraise@=\dimen127
)
(/usr/local/texlive/2009/texmf-dist/tex/latex/amsmath/amsopn.sty
Package: amsopn 1999/12/14 v2.01 operator names
)
\inf@bad=\count116
LaTeX Info: Redefining \frac on input line 211.
\uproot@=\count117
\leftroot@=\count118
LaTeX Info: Redefining \overline on input line 307.
\classnum@=\count119
\DOTSCASE@=\count120
LaTeX Info: Redefining \ldots on input line 379.
LaTeX Info: Redefining \dots on input line 382.
LaTeX Info: Redefining \cdots on input line 467.
\Mathstrutbox@=\box54
\strutbox@=\box55
\big@size=\dimen128
LaTeX Font Info:    Redeclaring font encoding OML on input line 567.
LaTeX Font Info:    Redeclaring font encoding OMS on input line 568.


Package amsmath Warning: Unable to redefine math accent \vec.

\macc@depth=\count121
\c@MaxMatrixCols=\count122
\dotsspace@=\muskip10
\c@parentequation=\count123
\dspbrk@lvl=\count124
\tag@help=\toks20
\row@=\count125
\column@=\count126
\maxfields@=\count127
\andhelp@=\toks21
\eqnshift@=\dimen129
\alignsep@=\dimen130
\tagshift@=\dimen131
\tagwidth@=\dimen132
\totwidth@=\dimen133
\lineht@=\dimen134
\@envbody=\toks22
\multlinegap=\skip46
\multlinetaggap=\skip47
\mathdisplay@stack=\toks23
LaTeX Info: Redefining \[ on input line 2666.
LaTeX Info: Redefining \] on input line 2667.
) (/usr/local/texlive/2009/texmf-dist/tex/latex/amsfonts/amsfonts.sty
Package: amsfonts 2009/06/22 v3.00 Basic AMSFonts support
\symAMSa=\mathgroup4
\symAMSb=\mathgroup5
LaTeX Font Info:    Overwriting math alphabet `\mathfrak' in version `bold'
(Font)                  U/euf/m/n --> U/euf/b/n on input line 96.
)
(/usr/local/texlive/2009/texmf-dist/tex/latex/bbm-macros/bbm.sty
Package: bbm 1999/03/15 V 1.2 provides fonts for set symbols - TH
LaTeX Font Info:    Overwriting math alphabet `\mathbbm' in version `bold'
(Font)                  U/bbm/m/n --> U/bbm/bx/n on input line 33.
LaTeX Font Info:    Overwriting math alphabet `\mathbbmss' in version `bold'
(Font)                  U/bbmss/m/n --> U/bbmss/bx/n on input line 35.
)
(/usr/local/texlive/2009/texmf-dist/tex/latex/graphics/color.sty
Package: color 2005/11/14 v1.0j Standard LaTeX Color (DPC)

(/usr/local/texlive/2009/texmf-dist/tex/latex/latexconfig/color.cfg
File: color.cfg 2007/01/18 v1.5 color configuration of teTeX/TeXLive
)
Package color Info: Driver file: pdftex.def on input line 130.
)
(/usr/local/texlive/2009/texmf-dist/tex/latex/tools/longtable.sty
Package: longtable 2004/02/01 v4.11 Multi-page Table package (DPC)
\LTleft=\skip48
\LTright=\skip49
\LTpre=\skip50
\LTpost=\skip51
\LTchunksize=\count128
\LTcapwidth=\dimen135
\LT@head=\box56
\LT@firsthead=\box57
\LT@foot=\box58
\LT@lastfoot=\box59
\LT@cols=\count129
\LT@rows=\count130
\c@LT@tables=\count131
\c@LT@chunks=\count132
\LT@p@ftn=\toks24
)
(/usr/local/texlive/2009/texmf-dist/tex/latex/subfig/subfig.sty
Package: subfig 2005/06/28 ver: 1.3 subfig package

(/usr/local/texlive/2009/texmf-dist/tex/latex/caption/caption.sty
Package: caption 2009/10/09 v3.1k Customizing captions (AR)

(/usr/local/texlive/2009/texmf-dist/tex/latex/caption/caption3.sty
Package: caption3 2009/10/09 v3.1k caption3 kernel (AR)
\captionmargin=\dimen136
\captionmargin@=\dimen137
\captionwidth=\dimen138
\caption@indent=\dimen139
\caption@parindent=\dimen140
\caption@hangindent=\dimen141
Package caption Info: Unknown document class (or package),
(caption)             standard defaults will be used on input line 1068.
)

Package caption Warning: Unsupported document class (or package) detected,
(caption)                usage of the caption package is not recommended.
See the caption package documentation for explanation.

Package caption Info: \@makecaption = \long macro:#1#2->\vskip \abovecaptionski
p \sbox \@tempboxa {{\bfseries #1.} #2}\ifdim \wd \@tempboxa >\hsize {\bfseries
 #1.} #2\par \else \global \@minipagefalse \hb@xt@ \hsize {\hfil \box \@tempbox
a \hfil }\fi \vskip \belowcaptionskip .
\c@ContinuedFloat=\count133
Package caption Info: longtable package is loaded.
(/usr/local/texlive/2009/texmf-dist/tex/latex/caption/ltcaption.sty
Package: ltcaption 2008/03/28 v1.2 longtable captions (AR)
))
\c@KVtest=\count134
\sf@farskip=\skip52
\sf@captopadj=\dimen142
\sf@capskip=\skip53
\sf@nearskip=\skip54
\c@subfigure=\count135
\c@subfigure@save=\count136
\c@lofdepth=\count137
\c@subtable=\count138
\c@subtable@save=\count139
\c@lotdepth=\count140
\sf@top=\skip55
\sf@bottom=\skip56
)
(/usr/local/texlive/2009/texmf-dist/tex/latex/cite/cite.sty
LaTeX Info: Redefining \cite on input line 285.
LaTeX Info: Redefining \nocite on input line 356.
Package: cite 2009/08/29  v 5.2
)
(/usr/local/texlive/2009/texmf-dist/tex/latex/units/nicefrac.sty
Package: nicefrac 1998/08/04 v0.9b Nice fractions
\L@UnitsRaiseDisplaystyle=\skip57
\L@UnitsRaiseTextstyle=\skip58
\L@UnitsRaiseScriptstyle=\skip59

(/usr/local/texlive/2009/texmf-dist/tex/latex/base/ifthen.sty
Package: ifthen 2001/05/26 v1.1c Standard LaTeX ifthen package (DPC)
)) (./ki2011.aux)
\openout1 = `ki2011.aux'.

LaTeX Font Info:    Checking defaults for OML/cmm/m/it on input line 50.
LaTeX Font Info:    ... okay on input line 50.
LaTeX Font Info:    Checking defaults for T1/cmr/m/n on input line 50.
LaTeX Font Info:    ... okay on input line 50.
LaTeX Font Info:    Checking defaults for OT1/cmr/m/n on input line 50.
LaTeX Font Info:    ... okay on input line 50.
LaTeX Font Info:    Checking defaults for OMS/cmsy/m/n on input line 50.
LaTeX Font Info:    ... okay on input line 50.
LaTeX Font Info:    Checking defaults for OMX/cmex/m/n on input line 50.
LaTeX Font Info:    ... okay on input line 50.
LaTeX Font Info:    Checking defaults for U/cmr/m/n on input line 50.
LaTeX Font Info:    ... okay on input line 50.

(/usr/local/texlive/2009/texmf-dist/tex/context/base/supp-pdf.mkii
[Loading MPS to PDF converter (version 2006.09.02).]
\scratchcounter=\count141
\scratchdimen=\dimen143
\scratchbox=\box60
\nofMPsegments=\count142
\nofMParguments=\count143
\everyMPshowfont=\toks25
\MPscratchCnt=\count144
\MPscratchDim=\dimen144
\MPnumerator=\count145
\everyMPtoPDFconversion=\toks26
)
Package caption Info: Begin \AtBeginDocument code.
Package caption3 Info: subfig package 1.2 or 1.3 is loaded.
LaTeX Info: Redefining \subref on input line 50.
Package caption Info: End \AtBeginDocument code.
LaTeX Font Info:    Try loading font information for U+msa on input line 52.
 (/usr/local/texlive/2009/texmf-dist/tex/latex/amsfonts/umsa.fd
File: umsa.fd 2009/06/22 v3.00 AMS symbols A
)
LaTeX Font Info:    Try loading font information for U+msb on input line 52.

(/usr/local/texlive/2009/texmf-dist/tex/latex/amsfonts/umsb.fd
File: umsb.fd 2009/06/22 v3.00 AMS symbols B
)
LaTeX Font Info:    Try loading font information for OMS+cmtt on input line 52.

LaTeX Font Info:    No file OMScmtt.fd. on input line 52.


LaTeX Font Warning: Font shape `OMS/cmtt/m/n' undefined
(Font)              using `OMS/cmsy/m/n' instead
(Font)              for symbol `textbraceleft' on input line 52.

<model_scan.png, id=1, 757.83125pt x 300.12125pt>
File: model_scan.png Graphic file (type png)
 <use model_scan.png> [1

{/usr/local/texlive/2009/texmf-var/fonts/map/pdftex/updmap/pdftex.map}] [2 <./m
odel_scan.png (PNG copy)>] <AudiA4_pointcloud.png, id=15, 632.3625pt x 478.7887
6pt>
File: AudiA4_pointcloud.png Graphic file (type png)

<use AudiA4_pointcloud.png>
<AudiA4_resampled.png, id=17, 632.3625pt x 478.78876pt>
File: AudiA4_resampled.png Graphic file (type png)

<use AudiA4_resampled.png> [3 <./AudiA4_pointcloud.png> <./AudiA4_resampled.png
 (PNG copy)>] <ground-removed.png, id=24, 713.66624pt x 574.145pt>
File: ground-removed.png Graphic file (type png)

<use ground-removed.png> <audi_segmented.png, id=25, 711.65875pt x 570.13pt>
File: audi_segmented.png Graphic file (type png)

<use audi_segmented.png> <step4.png, id=26, 662.475pt x 527.9725pt>
File: step4.png Graphic file (type png)

<use step4.png>
<recovery_model_in_big_scan.png, id=27, 710.655pt x 556.0775pt>
File: recovery_model_in_big_scan.png Graphic file (type png)

<use recovery_model_in_big_scan.png> [4 <./ground-removed.png (PNG copy)>]
[5 <./audi_segmented.png (PNG copy)> <./step4.png (PNG copy)> <./recovery_model
_in_big_scan.png (PNG copy)>]
<chapter5_pictures/Mercedes.png, id=42, 458.71375pt x 360.34625pt>
File: chapter5_pictures/Mercedes.png Graphic file (type png)

<use chapter5_pictures/Mercedes.png>
<chapter5_pictures/Mercedes_matched.png, id=43, 589.20125pt x 360.34625pt>
File: chapter5_pictures/Mercedes_matched.png Graphic file (type png)

<use chapter5_pictures/Mercedes_matched.png>
<chapter5_pictures/Mercedes_matched_scan.png, id=44, 493.845pt x 360.34625pt>
File: chapter5_pictures/Mercedes_matched_scan.png Graphic file (type png)

<use chapter5_pictures/Mercedes_matched_scan.png>
<models/1c5a350ea0f55f793fbce9ec40e1f047.jpg, id=45, 100.375pt x 75.28125pt>
File: models/1c5a350ea0f55f793fbce9ec40e1f047.jpg Graphic file (type jpg)

<use models/1c5a350ea0f55f793fbce9ec40e1f047.jpg>
<models/689346b4812ead699bdae02f855f706c.jpg, id=46, 100.375pt x 61.22874pt>
File: models/689346b4812ead699bdae02f855f706c.jpg Graphic file (type jpg)

<use models/689346b4812ead699bdae02f855f706c.jpg>
<models/875bc6efc7f33c052e877e82c90c24d.jpg, id=47, 100.375pt x 75.28125pt>
File: models/875bc6efc7f33c052e877e82c90c24d.jpg Graphic file (type jpg)

<use models/875bc6efc7f33c052e877e82c90c24d.jpg> [6 <./chapter5_pictures/Merced
es.png> <./chapter5_pictures/Mercedes_matched.png (PNG copy)> <./chapter5_pictu
res/Mercedes_matched_scan.png> <./models/1c5a350ea0f55f793fbce9ec40e1f047.jpg> 
<./models/689346b4812ead699bdae02f855f706c.jpg>]
<models/c023011d5ada6bd9b1bb46d2556ba67d.jpg, id=54, 100.375pt x 75.28125pt>
File: models/c023011d5ada6bd9b1bb46d2556ba67d.jpg Graphic file (type jpg)

<use models/c023011d5ada6bd9b1bb46d2556ba67d.jpg>
<models/951b1572b316980de341b5704aa568bd.jpg, id=55, 100.375pt x 75.28125pt>
File: models/951b1572b316980de341b5704aa568bd.jpg Graphic file (type jpg)

<use models/951b1572b316980de341b5704aa568bd.jpg>
<chapter5_pictures/Audi.png, id=56, 669.50125pt x 427.5975pt>
File: chapter5_pictures/Audi.png Graphic file (type png)

<use chapter5_pictures/Audi.png>
<chapter5_pictures/Audi_matched.png, id=57, 649.42625pt x 427.5975pt>
File: chapter5_pictures/Audi_matched.png Graphic file (type png)

<use chapter5_pictures/Audi_matched.png>
<chapter5_pictures/Audi_matched_scan.png, id=58, 752.8125pt x 427.5975pt>
File: chapter5_pictures/Audi_matched_scan.png Graphic file (type png)

<use chapter5_pictures/Audi_matched_scan.png> [7 <./models/875bc6efc7f33c052e87
7e82c90c24d.jpg> <./models/c023011d5ada6bd9b1bb46d2556ba67d.jpg> <./models/951b
1572b316980de341b5704aa568bd.jpg> <./chapter5_pictures/Audi.png (PNG copy)> <./
chapter5_pictures/Audi_matched.png> <./chapter5_pictures/Audi_matched_scan.png>
] <chapter5_pictures/Golf.png, id=65, 489.83pt x 359.3425pt>
File: chapter5_pictures/Golf.png Graphic file (type png)

<use chapter5_pictures/Golf.png>
<chapter5_pictures/Golf_matched.png, id=66, 667.49374pt x 451.6875pt>
File: chapter5_pictures/Golf_matched.png Graphic file (type png)

<use chapter5_pictures/Golf_matched.png>
<chapter5_pictures/Golf_matched_scan.png, id=67, 705.63625pt x 449.68pt>
File: chapter5_pictures/Golf_matched_scan.png Graphic file (type png)

<use chapter5_pictures/Golf_matched_scan.png>
Underfull \hbox (badness 7925) in paragraph at lines 416--416
[]\OT1/cmr/m/n/9 (c) |Scan with matched
 []

<chapter5_pictures/Renault.png, id=68, 575.14874pt x 431.6125pt>
File: chapter5_pictures/Renault.png Graphic file (type png)

<use chapter5_pictures/Renault.png>
Underfull \hbox (badness 10000) in paragraph at lines 431--431
[]\OT1/cmr/m/n/9 (a) |Seg-mented Re-nault
 []

<chapter5_pictures/Renault_matched.png, id=69, 592.2125pt x 472.76625pt>
File: chapter5_pictures/Renault_matched.png Graphic file (type png)

<use chapter5_pictures/Renault_matched.png>
<chapter5_pictures/Renault_matched_scan.png, id=70, 680.5425pt x 524.96124pt>
File: chapter5_pictures/Renault_matched_scan.png Graphic file (type png)

<use chapter5_pictures/Renault_matched_scan.png>
<chapter5_pictures/Citroen.png, id=71, 709.65125pt x 554.07pt>
File: chapter5_pictures/Citroen.png Graphic file (type png)

<use chapter5_pictures/Citroen.png>
<chapter5_pictures/Citroen_matched.png, id=72, 685.56125pt x 427.5975pt>
File: chapter5_pictures/Citroen_matched.png Graphic file (type png)

<use chapter5_pictures/Citroen_matched.png>
<chapter5_pictures/Citroen_matched_scan.png, id=73, 718.685pt x 468.75125pt>
File: chapter5_pictures/Citroen_matched_scan.png Graphic file (type png)

<use chapter5_pictures/Citroen_matched_scan.png> [8 <./chapter5_pictures/Golf.p
ng (PNG copy)> <./chapter5_pictures/Golf_matched.png (PNG copy)> <./chapter5_pi
ctures/Golf_matched_scan.png (PNG copy)> <./chapter5_pictures/Renault.png (PNG 
copy)> <./chapter5_pictures/Renault_matched.png (PNG copy)> <./chapter5_picture
s/Renault_matched_scan.png (PNG copy)>]
File: models/1c5a350ea0f55f793fbce9ec40e1f047.jpg Graphic file (type jpg)

<use models/1c5a350ea0f55f793fbce9ec40e1f047.jpg>
File: models/875bc6efc7f33c052e877e82c90c24d.jpg Graphic file (type jpg)

<use models/875bc6efc7f33c052e877e82c90c24d.jpg>
<models/eb5a5eb751cca94a3fbce9ec40e1f047.jpg, id=77, 100.375pt x 75.28125pt>
File: models/eb5a5eb751cca94a3fbce9ec40e1f047.jpg Graphic file (type jpg)

<use models/eb5a5eb751cca94a3fbce9ec40e1f047.jpg>
<models/a0c60115f83f1f77b1bb46d2556ba67d.jpg, id=78, 100.375pt x 75.28125pt>
File: models/a0c60115f83f1f77b1bb46d2556ba67d.jpg Graphic file (type jpg)

<use models/a0c60115f83f1f77b1bb46d2556ba67d.jpg>
<models/5bab0881b7a18b12733269057ed164db.jpg, id=79, 100.375pt x 75.28125pt>
File: models/5bab0881b7a18b12733269057ed164db.jpg Graphic file (type jpg)

<use models/5bab0881b7a18b12733269057ed164db.jpg> [9 <./chapter5_pictures/Citro
en.png (PNG copy)> <./chapter5_pictures/Citroen_matched.png (PNG copy)> <./chap
ter5_pictures/Citroen_matched_scan.png (PNG copy)>]
<objects/audi.png, id=83, 422.57875pt x 234.8775pt>
File: objects/audi.png Graphic file (type png)
 <use objects/audi.png>
Overfull \hbox (28.45276pt too wide) in paragraph at lines 525--525
[][] 
 []

<objects/other_car.png, id=84, 523.9575pt x 302.12875pt>
File: objects/other_car.png Graphic file (type png)

<use objects/other_car.png>
Overfull \hbox (28.45276pt too wide) in paragraph at lines 526--526
[][] 
 []

<objects/other_car_2.png, id=85, 310.15875pt x 202.7575pt>
File: objects/other_car_2.png Graphic file (type png)

<use objects/other_car_2.png>
Overfull \hbox (28.45276pt too wide) in paragraph at lines 527--527
[][] 
 []

[10 <./models/eb5a5eb751cca94a3fbce9ec40e1f047.jpg> <./models/a0c60115f83f1f77b
1bb46d2556ba67d.jpg> <./models/5bab0881b7a18b12733269057ed164db.jpg> <./objects
/audi.png> <./objects/other_car.png (PNG copy)>] [11 <./objects/other_car_2.png
 (PNG copy)>] (./ki2011.bbl) [12] (./ki2011.aux)

LaTeX Font Warning: Some font shapes were not available, defaults substituted.

 ) 
Here is how much of TeX's memory you used:
 3576 strings out of 493848
 53482 string characters out of 3149208
 123129 words of memory out of 3000000
 6783 multiletter control sequences out of 15000+200000
 8577 words of font info for 33 fonts, out of 3000000 for 9000
 714 hyphenation exceptions out of 8191
 44i,13n,45p,502b,370s stack positions out of 5000i,500n,10000p,200000b,50000s
</usr/local/texlive/2009/texmf-dist/fonts/type1/public/amsfonts/cm/cmbx10.pfb
></usr/local/texlive/2009/texmf-dist/fonts/type1/public/amsfonts/cm/cmbx12.pfb>
</usr/local/texlive/2009/texmf-dist/fonts/type1/public/amsfonts/cm/cmbx9.pfb></
usr/local/texlive/2009/texmf-dist/fonts/type1/public/amsfonts/cm/cmex10.pfb></u
sr/local/texlive/2009/texmf-dist/fonts/type1/public/amsfonts/cmextra/cmex7.pfb>
</usr/local/texlive/2009/texmf-dist/fonts/type1/public/amsfonts/cm/cmmi10.pfb><
/usr/local/texlive/2009/texmf-dist/fonts/type1/public/amsfonts/cm/cmmi5.pfb></u
sr/local/texlive/2009/texmf-dist/fonts/type1/public/amsfonts/cm/cmmi7.pfb></usr
/local/texlive/2009/texmf-dist/fonts/type1/public/amsfonts/cm/cmr10.pfb></usr/l
ocal/texlive/2009/texmf-dist/fonts/type1/public/amsfonts/cm/cmr5.pfb></usr/loca
l/texlive/2009/texmf-dist/fonts/type1/public/amsfonts/cm/cmr7.pfb></usr/local/t
exlive/2009/texmf-dist/fonts/type1/public/amsfonts/cm/cmr9.pfb></usr/local/texl
ive/2009/texmf-dist/fonts/type1/public/amsfonts/cm/cmsy10.pfb></usr/local/texli
ve/2009/texmf-dist/fonts/type1/public/amsfonts/cm/cmsy7.pfb></usr/local/texlive
/2009/texmf-dist/fonts/type1/public/amsfonts/cm/cmsy9.pfb></usr/local/texlive/2
009/texmf-dist/fonts/type1/public/amsfonts/cm/cmti10.pfb></usr/local/texlive/20
09/texmf-dist/fonts/type1/public/amsfonts/cm/cmti9.pfb></usr/local/texlive/2009
/texmf-dist/fonts/type1/public/amsfonts/cm/cmtt9.pfb>
Output written on ki2011.pdf (12 pages, 1881169 bytes).
PDF statistics:
 153 PDF objects out of 1000 (max. 8388607)
 0 named destinations out of 1000 (max. 500000)
 166 words of extra memory for PDF output out of 10000 (max. 10000000)

